WARNING: All log messages before absl::InitializeLog() is called are written to STDERR
I0000 00:00:1779876851.930219    6812 port.cc:153] oneDNN custom operations are on. You may see slightly different numerical results due to floating-point round-off errors from different computation orders. To turn them off, set the environment variable `TF_ENABLE_ONEDNN_OPTS=0`.
WARNING: All log messages before absl::InitializeLog() is called are written to STDERR
I0000 00:00:1779876854.776458    6812 port.cc:153] oneDNN custom operations are on. You may see slightly different numerical results due to floating-point round-off errors from different computation orders. To turn them off, set the environment variable `TF_ENABLE_ONEDNN_OPTS=0`.
Found 120 dog breeds
Processed 1000 entries...
Processed 2000 entries...
Processed 3000 entries...
Processed 4000 entries...
Processed 5000 entries...
Processed 6000 entries...
Processed 7000 entries...
Processed 8000 entries...
Processed 9000 entries...
Processed 10000 entries...
Found 10222 valid image files
Training set: 800 images
Validation set: 200 images

Building model...
Downloading data from https://storage.googleapis.com/tensorflow/keras-applications/mobilenet_v2/mobilenet_v2_weights_tf_dim_ordering_tf_kernels_1.0_224_no_top.h5

[1m      0/9406464[0m [37m====================[0m [1m0s[0m 0s/step
[1m  32768/9406464[0m [37m====================[0m [1m15s[0m 2us/step
[1m  90112/9406464[0m [37m====================[0m [1m10s[0m 1us/step
[1m 131072/9406464[0m [37m====================[0m [1m11s[0m 1us/step
[1m 262144/9406464[0m [37m====================[0m [1m8s[0m 1us/step 
[1m 425984/9406464[0m [37m====================[0m [1m6s[0m 1us/step
[1m 458752/9406464[0m [37m====================[0m [1m7s[0m 1us/step
[1m 598016/9406464[0m [32m=[0m[37m===================[0m [1m6s[0m 1us/step
[1m 761856/9406464[0m [32m=[0m[37m===================[0m [1m5s[0m 1us/step
[1m 942080/9406464[0m [32m==[0m[37m==================[0m [1m5s[0m 1us/step
[1m1089536/9406464[0m [32m==[0m[37m==================[0m [1m4s[0m 1us/step
[1m1138688/9406464[0m [32m==[0m[37m==================[0m [1m5s[0m 1us/step
[1m1335296/9406464[0m [32m==[0m[37m==================[0m [1m4s[0m 1us/step
[1m1449984/9406464[0m [32m===[0m[37m=================[0m [1m4s[0m 1us/step
[1m1564672/9406464[0m [32m===[0m[37m=================[0m [1m4s[0m 1us/step
[1m1679360/9406464[0m [32m===[0m[37m=================[0m [1m4s[0m 1us/step
[1m1777664/9406464[0m [32m===[0m[37m=================[0m [1m4s[0m 1us/step
[1m1908736/9406464[0m [32m====[0m[37m================[0m [1m4s[0m 1us/step
[1m1974272/9406464[0m [32m====[0m[37m================[0m [1m4s[0m 1us/step
[1m2121728/9406464[0m [32m====[0m[37m================[0m [1m4s[0m 1us/step
[1m2187264/9406464[0m [32m====[0m[37m================[0m [1m4s[0m 1us/step
[1m2285568/9406464[0m [32m====[0m[37m================[0m [1m4s[0m 1us/step
[1m2367488/9406464[0m [32m=====[0m[37m===============[0m [1m4s[0m 1us/step
[1m2449408/9406464[0m [32m=====[0m[37m===============[0m [1m4s[0m 1us/step
[1m2564096/9406464[0m [32m=====[0m[37m===============[0m [1m4s[0m 1us/step
[1m2613248/9406464[0m [32m=====[0m[37m===============[0m [1m4s[0m 1us/step
[1m2777088/9406464[0m [32m=====[0m[37m===============[0m [1m4s[0m 1us/step
[1m2809856/9406464[0m [32m=====[0m[37m===============[0m [1m4s[0m 1us/step
[1m3006464/9406464[0m [32m======[0m[37m==============[0m [1m4s[0m 1us/step
[1m3088384/9406464[0m [32m======[0m[37m==============[0m [1m4s[0m 1us/step
[1m3153920/9406464[0m [32m======[0m[37m==============[0m [1m4s[0m 1us/step
[1m3268608/9406464[0m [32m======[0m[37m==============[0m [1m3s[0m 1us/step
[1m3284992/9406464[0m [32m======[0m[37m==============[0m [1m4s[0m 1us/step
[1m3399680/9406464[0m [32m=======[0m[37m=============[0m [1m3s[0m 1us/step
[1m3416064/9406464[0m [32m=======[0m[37m=============[0m [1m4s[0m 1us/step
[1m3497984/9406464[0m [32m=======[0m[37m=============[0m [1m4s[0m 1us/step
[1m3547136/9406464[0m [32m=======[0m[37m=============[0m [1m4s[0m 1us/step
[1m3579904/9406464[0m [32m=======[0m[37m=============[0m [1m4s[0m 1us/step
[1m3694592/9406464[0m [32m=======[0m[37m=============[0m [1m4s[0m 1us/step
[1m3792896/9406464[0m [32m========[0m[37m============[0m [1m3s[0m 1us/step
[1m3825664/9406464[0m [32m========[0m[37m============[0m [1m4s[0m 1us/step
[1m3923968/9406464[0m [32m========[0m[37m============[0m [1m4s[0m 1us/step
[1m3973120/9406464[0m [32m========[0m[37m============[0m [1m4s[0m 1us/step
[1m4120576/9406464[0m [32m========[0m[37m============[0m [1m3s[0m 1us/step
[1m4218880/9406464[0m [32m========[0m[37m============[0m [1m3s[0m 1us/step
[1m4333568/9406464[0m [32m=========[0m[37m===========[0m [1m3s[0m 1us/step
[1m4366336/9406464[0m [32m=========[0m[37m===========[0m [1m3s[0m 1us/step
[1m4530176/9406464[0m [32m=========[0m[37m===========[0m [1m3s[0m 1us/step
[1m4595712/9406464[0m [32m=========[0m[37m===========[0m [1m3s[0m 1us/step
[1m4726784/9406464[0m [32m==========[0m[37m==========[0m [1m3s[0m 1us/step
[1m4792320/9406464[0m [32m==========[0m[37m==========[0m [1m3s[0m 1us/step
[1m4808704/9406464[0m [32m==========[0m[37m==========[0m [1m3s[0m 1us/step
[1m4907008/9406464[0m [32m==========[0m[37m==========[0m [1m3s[0m 1us/step
[1m4956160/9406464[0m [32m==========[0m[37m==========[0m [1m3s[0m 1us/step
[1m5054464/9406464[0m [32m==========[0m[37m==========[0m [1m3s[0m 1us/step
[1m5087232/9406464[0m [32m==========[0m[37m==========[0m [1m3s[0m 1us/step
[1m5152768/9406464[0m [32m==========[0m[37m==========[0m [1m3s[0m 1us/step
[1m5218304/9406464[0m [32m===========[0m[37m=========[0m [1m3s[0m 1us/step
[1m5332992/9406464[0m [32m===========[0m[37m=========[0m [1m3s[0m 1us/step
[1m5365760/9406464[0m [32m===========[0m[37m=========[0m [1m3s[0m 1us/step
[1m5447680/9406464[0m [32m===========[0m[37m=========[0m [1m3s[0m 1us/step
[1m5529600/9406464[0m [32m===========[0m[37m=========[0m [1m3s[0m 1us/step
[1m5611520/9406464[0m [32m===========[0m[37m=========[0m [1m3s[0m 1us/step
[1m5677056/9406464[0m [32m============[0m[37m========[0m [1m2s[0m 1us/step
[1m5758976/9406464[0m [32m============[0m[37m========[0m [1m2s[0m 1us/step
[1m5873664/9406464[0m [32m============[0m[37m========[0m [1m2s[0m 1us/step
[1m5939200/9406464[0m [32m============[0m[37m========[0m [1m2s[0m 1us/step
[1m6053888/9406464[0m [32m============[0m[37m========[0m [1m2s[0m 1us/step
[1m6070272/9406464[0m [32m============[0m[37m========[0m [1m2s[0m 1us/step
[1m6152192/9406464[0m [32m=============[0m[37m=======[0m [1m2s[0m 1us/step
[1m6266880/9406464[0m [32m=============[0m[37m=======[0m [1m2s[0m 1us/step
[1m6299648/9406464[0m [32m=============[0m[37m=======[0m [1m2s[0m 1us/step
[1m6365184/9406464[0m [32m=============[0m[37m=======[0m [1m2s[0m 1us/step
[1m6447104/9406464[0m [32m=============[0m[37m=======[0m [1m2s[0m 1us/step
[1m6496256/9406464[0m [32m=============[0m[37m=======[0m [1m2s[0m 1us/step
[1m6594560/9406464[0m [32m==============[0m[37m======[0m [1m2s[0m 1us/step
[1m6643712/9406464[0m [32m==============[0m[37m======[0m [1m2s[0m 1us/step
[1m6758400/9406464[0m [32m==============[0m[37m======[0m [1m2s[0m 1us/step
[1m6823936/9406464[0m [32m==============[0m[37m======[0m [1m2s[0m 1us/step
[1m6955008/9406464[0m [32m==============[0m[37m======[0m [1m1s[0m 1us/step
[1m7036928/9406464[0m [32m==============[0m[37m======[0m [1m1s[0m 1us/step
[1m7102464/9406464[0m [32m===============[0m[37m=====[0m [1m1s[0m 1us/step
[1m7200768/9406464[0m [32m===============[0m[37m=====[0m [1m1s[0m 1us/step
[1m7217152/9406464[0m [32m===============[0m[37m=====[0m [1m1s[0m 1us/step
[1m7233536/9406464[0m [32m===============[0m[37m=====[0m [1m1s[0m 1us/step
[1m7315456/9406464[0m [32m===============[0m[37m=====[0m [1m1s[0m 1us/step
[1m7413760/9406464[0m [32m===============[0m[37m=====[0m [1m1s[0m 1us/step
[1m7479296/9406464[0m [32m===============[0m[37m=====[0m [1m1s[0m 1us/step
[1m7561216/9406464[0m [32m================[0m[37m====[0m [1m1s[0m 1us/step
[1m7675904/9406464[0m [32m================[0m[37m====[0m [1m1s[0m 1us/step
[1m7741440/9406464[0m [32m================[0m[37m====[0m [1m1s[0m 1us/step
[1m7823360/9406464[0m [32m================[0m[37m====[0m [1m1s[0m 1us/step
[1m7839744/9406464[0m [32m================[0m[37m====[0m [1m1s[0m 1us/step
[1m7905280/9406464[0m [32m================[0m[37m====[0m [1m1s[0m 1us/step
[1m7938048/9406464[0m [32m================[0m[37m====[0m [1m1s[0m 1us/step
[1m8036352/9406464[0m [32m=================[0m[37m===[0m [1m1s[0m 1us/step
[1m8151040/9406464[0m [32m=================[0m[37m===[0m [1m1s[0m 1us/step
[1m8167424/9406464[0m [32m=================[0m[37m===[0m [1m1s[0m 1us/step
[1m8282112/9406464[0m [32m=================[0m[37m===[0m [1m0s[0m 1us/step
[1m8298496/9406464[0m [32m=================[0m[37m===[0m [1m0s[0m 1us/step
[1m8396800/9406464[0m [32m=================[0m[37m===[0m [1m0s[0m 1us/step
[1m8445952/9406464[0m [32m=================[0m[37m===[0m [1m0s[0m 1us/step
[1m8527872/9406464[0m [32m==================[0m[37m==[0m [1m0s[0m 1us/step
[1m8577024/9406464[0m [32m==================[0m[37m==[0m [1m0s[0m 1us/step
[1m8642560/9406464[0m [32m==================[0m[37m==[0m [1m0s[0m 1us/step
[1m8691712/9406464[0m [32m==================[0m[37m==[0m [1m0s[0m 1us/step
[1m8773632/9406464[0m [32m==================[0m[37m==[0m [1m0s[0m 1us/step
[1m8822784/9406464[0m [32m==================[0m[37m==[0m [1m0s[0m 1us/step
[1m8871936/9406464[0m [32m==================[0m[37m==[0m [1m0s[0m 1us/step
[1m8937472/9406464[0m [32m===================[0m[37m=[0m [1m0s[0m 1us/step
[1m8953856/9406464[0m [32m===================[0m[37m=[0m [1m0s[0m 1us/step
[1m9003008/9406464[0m [32m===================[0m[37m=[0m [1m0s[0m 1us/step
[1m9052160/9406464[0m [32m===================[0m[37m=[0m [1m0s[0m 1us/step
[1m9084928/9406464[0m [32m===================[0m[37m=[0m [1m0s[0m 1us/step
[1m9101312/9406464[0m [32m===================[0m[37m=[0m [1m0s[0m 1us/step
[1m9183232/9406464[0m [32m===================[0m[37m=[0m [1m0s[0m 1us/step
[1m9216000/9406464[0m [32m===================[0m[37m=[0m [1m0s[0m 1us/step
[1m9248768/9406464[0m [32m===================[0m[37m=[0m [1m0s[0m 1us/step
[1m9297920/9406464[0m [32m===================[0m[37m=[0m [1m0s[0m 1us/step
[1m9314304/9406464[0m [32m===================[0m[37m=[0m [1m0s[0m 1us/step
[1m9363456/9406464[0m [32m===================[0m[37m=[0m [1m0s[0m 1us/step
[1m9406464/9406464[0m [32m====================[0m[37m[0m [1m9s[0m 1us/step
WARNING:tensorflow:TensorFlow GPU support is not available on native Windows for TensorFlow >= 2.11. Even if CUDA/cuDNN are installed, GPU will not be used. Please use WSL2 or the TensorFlow-DirectML plugin.
Model: "sequential"
+--------------------------------------------------------------------------+
| Layer (type)                    | Output Shape           |       Param # |
|---------------------------------+------------------------+---------------|
| mobilenetv2_1.00_224            | (None, 7, 7, 1280)     |     2,257,984 |
| (Functional)                    |                        |               |
|---------------------------------+------------------------+---------------|
| global_average_pooling2d        | (None, 1280)           |             0 |
| (GlobalAveragePooling2D)        |                        |               |
|---------------------------------+------------------------+---------------|
| dense (Dense)                   | (None, 256)            |       327,936 |
|---------------------------------+------------------------+---------------|
| dropout (Dropout)               | (None, 256)            |             0 |
|---------------------------------+------------------------+---------------|
| dense_1 (Dense)                 | (None, 120)            |        30,840 |
+--------------------------------------------------------------------------+
 Total params: 2,616,760 (9.98 MB)
 Trainable params: 358,776 (1.37 MB)
 Non-trainable params: 2,257,984 (8.61 MB)
None

Training model...
Epoch 1/5

[1m 1/50[0m [37m====================[0m [1m3:02[0m 4s/step - accuracy: 0.0000e+00 - loss: 5.1525
[1m 2/50[0m [37m====================[0m [1m9s[0m 195ms/step - accuracy: 0.0000e+00 - loss: 5.1066
[1m 3/50[0m [32m=[0m[37m===================[0m [1m8s[0m 190ms/step - accuracy: 0.0000e+00 - loss: 5.0763
[1m 4/50[0m [32m=[0m[37m===================[0m [1m8s[0m 191ms/step - accuracy: 0.0039 - loss: 5.0500    
[1m 5/50[0m [32m==[0m[37m==================[0m [1m8s[0m 190ms/step - accuracy: 0.0056 - loss: 5.0301
[1m 6/50[0m [32m==[0m[37m==================[0m [1m8s[0m 192ms/step - accuracy: 0.0064 - loss: 5.0385
[1m 7/50[0m [32m==[0m[37m==================[0m [1m8s[0m 191ms/step - accuracy: 0.0081 - loss: 5.0412
[1m 8/50[0m [32m===[0m[37m=================[0m [1m8s[0m 192ms/step - accuracy: 0.0100 - loss: 5.0453
[1m 9/50[0m [32m===[0m[37m=================[0m [1m7s[0m 191ms/step - accuracy: 0.0120 - loss: 5.0442
[1m10/50[0m [32m====[0m[37m================[0m [1m7s[0m 192ms/step - accuracy: 0.0139 - loss: 5.0391
[1m11/50[0m [32m====[0m[37m================[0m [1m7s[0m 193ms/step - accuracy: 0.0168 - loss: 5.0318
[1m12/50[0m [32m====[0m[37m================[0m [1m7s[0m 192ms/step - accuracy: 0.0193 - loss: 5.0242
[1m13/50[0m [32m=====[0m[37m===============[0m [1m7s[0m 191ms/step - accuracy: 0.0219 - loss: 5.0153
[1m14/50[0m [32m=====[0m[37m===============[0m [1m6s[0m 191ms/step - accuracy: 0.0241 - loss: 5.0056
[1m15/50[0m [32m======[0m[37m==============[0m [1m6s[0m 191ms/step - accuracy: 0.0261 - loss: 4.9977
[1m16/50[0m [32m======[0m[37m==============[0m [1m6s[0m 190ms/step - accuracy: 0.0279 - loss: 4.9904
[1m17/50[0m [32m======[0m[37m==============[0m [1m6s[0m 190ms/step - accuracy: 0.0295 - loss: 4.9838
[1m18/50[0m [32m=======[0m[37m=============[0m [1m6s[0m 189ms/step - accuracy: 0.0311 - loss: 4.9774
[1m19/50[0m [32m=======[0m[37m=============[0m [1m5s[0m 189ms/step - accuracy: 0.0330 - loss: 4.9703
[1m20/50[0m [32m========[0m[37m============[0m [1m5s[0m 189ms/step - accuracy: 0.0346 - loss: 4.9631
[1m21/50[0m [32m========[0m[37m============[0m [1m5s[0m 188ms/step - accuracy: 0.0361 - loss: 4.9558
[1m22/50[0m [32m========[0m[37m============[0m [1m5s[0m 189ms/step - accuracy: 0.0375 - loss: 4.9492
[1m23/50[0m [32m=========[0m[37m===========[0m [1m5s[0m 189ms/step - accuracy: 0.0389 - loss: 4.9435
[1m24/50[0m [32m=========[0m[37m===========[0m [1m4s[0m 187ms/step - accuracy: 0.0399 - loss: 4.9387
[1m25/50[0m [32m==========[0m[37m==========[0m [1m4s[0m 187ms/step - accuracy: 0.0411 - loss: 4.9331
[1m26/50[0m [32m==========[0m[37m==========[0m [1m4s[0m 187ms/step - accuracy: 0.0422 - loss: 4.9271
[1m27/50[0m [32m==========[0m[37m==========[0m [1m4s[0m 187ms/step - accuracy: 0.0432 - loss: 4.9209
[1m28/50[0m [32m===========[0m[37m=========[0m [1m4s[0m 187ms/step - accuracy: 0.0441 - loss: 4.9144
[1m29/50[0m [32m===========[0m[37m=========[0m [1m3s[0m 187ms/step - accuracy: 0.0450 - loss: 4.9076
[1m30/50[0m [32m============[0m[37m========[0m [1m3s[0m 187ms/step - accuracy: 0.0461 - loss: 4.9004
[1m31/50[0m [32m============[0m[37m========[0m [1m3s[0m 188ms/step - accuracy: 0.0471 - loss: 4.8932
[1m32/50[0m [32m============[0m[37m========[0m [1m3s[0m 188ms/step - accuracy: 0.0482 - loss: 4.8862
[1m33/50[0m [32m=============[0m[37m=======[0m [1m3s[0m 189ms/step - accuracy: 0.0493 - loss: 4.8789
[1m34/50[0m [32m=============[0m[37m=======[0m [1m3s[0m 189ms/step - accuracy: 0.0504 - loss: 4.8715
[1m35/50[0m [32m==============[0m[37m======[0m [1m2s[0m 189ms/step - accuracy: 0.0517 - loss: 4.8641
[1m36/50[0m [32m==============[0m[37m======[0m [1m2s[0m 189ms/step - accuracy: 0.0529 - loss: 4.8564
[1m37/50[0m [32m==============[0m[37m======[0m [1m2s[0m 189ms/step - accuracy: 0.0541 - loss: 4.8488
[1m38/50[0m [32m===============[0m[37m=====[0m [1m2s[0m 189ms/step - accuracy: 0.0553 - loss: 4.8411
[1m39/50[0m [32m===============[0m[37m=====[0m [1m2s[0m 189ms/step - accuracy: 0.0564 - loss: 4.8334
[1m40/50[0m [32m================[0m[37m====[0m [1m1s[0m 189ms/step - accuracy: 0.0574 - loss: 4.8259
[1m41/50[0m [32m================[0m[37m====[0m [1m1s[0m 189ms/step - accuracy: 0.0585 - loss: 4.8186
[1m42/50[0m [32m================[0m[37m====[0m [1m1s[0m 189ms/step - accuracy: 0.0595 - loss: 4.8113
[1m43/50[0m [32m=================[0m[37m===[0m [1m1s[0m 189ms/step - accuracy: 0.0604 - loss: 4.8042
[1m44/50[0m [32m=================[0m[37m===[0m [1m1s[0m 189ms/step - accuracy: 0.0615 - loss: 4.7968
[1m45/50[0m [32m==================[0m[37m==[0m [1m0s[0m 189ms/step - accuracy: 0.0626 - loss: 4.7895
[1m46/50[0m [32m==================[0m[37m==[0m [1m0s[0m 189ms/step - accuracy: 0.0636 - loss: 4.7822
[1m47/50[0m [32m==================[0m[37m==[0m [1m0s[0m 189ms/step - accuracy: 0.0646 - loss: 4.7750
[1m48/50[0m [32m===================[0m[37m=[0m [1m0s[0m 190ms/step - accuracy: 0.0658 - loss: 4.7677
[1m49/50[0m [32m===================[0m[37m=[0m [1m0s[0m 189ms/step - accuracy: 0.0668 - loss: 4.7605
[1m50/50[0m [32m====================[0m[37m[0m [1m0s[0m 189ms/step - accuracy: 0.0678 - loss: 4.7535
[1m50/50[0m [32m====================[0m[37m[0m [1m16s[0m 260ms/step - accuracy: 0.1163 - loss: 4.4071 - val_accuracy: 0.2100 - val_loss: 3.5671
Epoch 2/5

[1m 1/50[0m [37m====================[0m [1m10s[0m 224ms/step - accuracy: 0.3125 - loss: 2.7120
[1m 2/50[0m [37m====================[0m [1m8s[0m 176ms/step - accuracy: 0.3594 - loss: 2.6574 
[1m 3/50[0m [32m=[0m[37m===================[0m [1m8s[0m 178ms/step - accuracy: 0.4132 - loss: 2.5740
[1m 4/50[0m [32m=[0m[37m===================[0m [1m8s[0m 180ms/step - accuracy: 0.4466 - loss: 2.5215
[1m 5/50[0m [32m==[0m[37m==================[0m [1m8s[0m 181ms/step - accuracy: 0.4673 - loss: 2.4886
[1m 6/50[0m [32m==[0m[37m==================[0m [1m7s[0m 181ms/step - accuracy: 0.4797 - loss: 2.4599
[1m 7/50[0m [32m==[0m[37m==================[0m [1m7s[0m 182ms/step - accuracy: 0.4890 - loss: 2.4382
[1m 8/50[0m [32m===[0m[37m=================[0m [1m7s[0m 182ms/step - accuracy: 0.5001 - loss: 2.4119
[1m 9/50[0m [32m===[0m[37m=================[0m [1m7s[0m 182ms/step - accuracy: 0.5078 - loss: 2.3955
[1m10/50[0m [32m====[0m[37m================[0m [1m7s[0m 181ms/step - accuracy: 0.5139 - loss: 2.3804
[1m11/50[0m [32m====[0m[37m================[0m [1m7s[0m 181ms/step - accuracy: 0.5194 - loss: 2.3682
[1m12/50[0m [32m====[0m[37m================[0m [1m6s[0m 181ms/step - accuracy: 0.5234 - loss: 2.3595
[1m13/50[0m [32m=====[0m[37m===============[0m [1m6s[0m 181ms/step - accuracy: 0.5264 - loss: 2.3510
[1m14/50[0m [32m=====[0m[37m===============[0m [1m6s[0m 180ms/step - accuracy: 0.5280 - loss: 2.3463
[1m15/50[0m [32m======[0m[37m==============[0m [1m6s[0m 180ms/step - accuracy: 0.5292 - loss: 2.3431
[1m16/50[0m [32m======[0m[37m==============[0m [1m6s[0m 180ms/step - accuracy: 0.5301 - loss: 2.3417
[1m17/50[0m [32m======[0m[37m==============[0m [1m5s[0m 180ms/step - accuracy: 0.5309 - loss: 2.3384
[1m18/50[0m [32m=======[0m[37m=============[0m [1m5s[0m 180ms/step - accuracy: 0.5313 - loss: 2.3353
[1m19/50[0m [32m=======[0m[37m=============[0m [1m5s[0m 180ms/step - accuracy: 0.5317 - loss: 2.3316
[1m20/50[0m [32m========[0m[37m============[0m [1m5s[0m 180ms/step - accuracy: 0.5314 - loss: 2.3290
[1m21/50[0m [32m========[0m[37m============[0m [1m5s[0m 180ms/step - accuracy: 0.5309 - loss: 2.3268
[1m22/50[0m [32m========[0m[37m============[0m [1m5s[0m 180ms/step - accuracy: 0.5303 - loss: 2.3255
[1m23/50[0m [32m=========[0m[37m===========[0m [1m4s[0m 180ms/step - accuracy: 0.5295 - loss: 2.3240
[1m24/50[0m [32m=========[0m[37m===========[0m [1m4s[0m 180ms/step - accuracy: 0.5290 - loss: 2.3224
[1m25/50[0m [32m==========[0m[37m==========[0m [1m4s[0m 180ms/step - accuracy: 0.5288 - loss: 2.3202
[1m26/50[0m [32m==========[0m[37m==========[0m [1m4s[0m 180ms/step - accuracy: 0.5284 - loss: 2.3188
[1m27/50[0m [32m==========[0m[37m==========[0m [1m4s[0m 181ms/step - accuracy: 0.5284 - loss: 2.3164
[1m28/50[0m [32m===========[0m[37m=========[0m [1m3s[0m 181ms/step - accuracy: 0.5286 - loss: 2.3139
[1m29/50[0m [32m===========[0m[37m=========[0m [1m3s[0m 180ms/step - accuracy: 0.5288 - loss: 2.3109
[1m30/50[0m [32m============[0m[37m========[0m [1m3s[0m 181ms/step - accuracy: 0.5289 - loss: 2.3078
[1m31/50[0m [32m============[0m[37m========[0m [1m3s[0m 181ms/step - accuracy: 0.5288 - loss: 2.3046
[1m32/50[0m [32m============[0m[37m========[0m [1m3s[0m 181ms/step - accuracy: 0.5289 - loss: 2.3011
[1m33/50[0m [32m=============[0m[37m=======[0m [1m3s[0m 181ms/step - accuracy: 0.5290 - loss: 2.2976
[1m34/50[0m [32m=============[0m[37m=======[0m [1m2s[0m 181ms/step - accuracy: 0.5291 - loss: 2.2947
[1m35/50[0m [32m==============[0m[37m======[0m [1m2s[0m 181ms/step - accuracy: 0.5291 - loss: 2.2917
[1m36/50[0m [32m==============[0m[37m======[0m [1m2s[0m 181ms/step - accuracy: 0.5290 - loss: 2.2889
[1m37/50[0m [32m==============[0m[37m======[0m [1m2s[0m 182ms/step - accuracy: 0.5289 - loss: 2.2859
[1m38/50[0m [32m===============[0m[37m=====[0m [1m2s[0m 182ms/step - accuracy: 0.5288 - loss: 2.2829
[1m39/50[0m [32m===============[0m[37m=====[0m [1m2s[0m 182ms/step - accuracy: 0.5287 - loss: 2.2798
[1m40/50[0m [32m================[0m[37m====[0m [1m1s[0m 183ms/step - accuracy: 0.5284 - loss: 2.2770
[1m41/50[0m [32m================[0m[37m====[0m [1m1s[0m 183ms/step - accuracy: 0.5282 - loss: 2.2741
[1m42/50[0m [32m================[0m[37m====[0m [1m1s[0m 183ms/step - accuracy: 0.5281 - loss: 2.2711
[1m43/50[0m [32m=================[0m[37m===[0m [1m1s[0m 183ms/step - accuracy: 0.5280 - loss: 2.2680
[1m44/50[0m [32m=================[0m[37m===[0m [1m1s[0m 183ms/step - accuracy: 0.5278 - loss: 2.2651
[1m45/50[0m [32m==================[0m[37m==[0m [1m0s[0m 183ms/step - accuracy: 0.5277 - loss: 2.2623
[1m46/50[0m [32m==================[0m[37m==[0m [1m0s[0m 183ms/step - accuracy: 0.5275 - loss: 2.2595
[1m47/50[0m [32m==================[0m[37m==[0m [1m0s[0m 183ms/step - accuracy: 0.5274 - loss: 2.2564
[1m48/50[0m [32m===================[0m[37m=[0m [1m0s[0m 183ms/step - accuracy: 0.5273 - loss: 2.2533
[1m49/50[0m [32m===================[0m[37m=[0m [1m0s[0m 183ms/step - accuracy: 0.5273 - loss: 2.2503
[1m50/50[0m [32m====================[0m[37m[0m [1m0s[0m 183ms/step - accuracy: 0.5272 - loss: 2.2473
[1m50/50[0m [32m====================[0m[37m[0m [1m12s[0m 232ms/step - accuracy: 0.5263 - loss: 2.1023 - val_accuracy: 0.4400 - val_loss: 2.4203
Epoch 3/5

[1m 1/50[0m [37m====================[0m [1m11s[0m 233ms/step - accuracy: 0.8125 - loss: 0.7046
[1m 2/50[0m [37m====================[0m [1m9s[0m 195ms/step - accuracy: 0.7656 - loss: 0.8434 
[1m 3/50[0m [32m=[0m[37m===================[0m [1m8s[0m 186ms/step - accuracy: 0.7604 - loss: 0.9065
[1m 4/50[0m [32m=[0m[37m===================[0m [1m8s[0m 186ms/step - accuracy: 0.7695 - loss: 0.9185
[1m 5/50[0m [32m==[0m[37m==================[0m [1m8s[0m 188ms/step - accuracy: 0.7781 - loss: 0.9198
[1m 6/50[0m [32m==[0m[37m==================[0m [1m8s[0m 189ms/step - accuracy: 0.7839 - loss: 0.9245
[1m 7/50[0m [32m==[0m[37m==================[0m [1m8s[0m 190ms/step - accuracy: 0.7905 - loss: 0.9244
[1m 8/50[0m [32m===[0m[37m=================[0m [1m7s[0m 190ms/step - accuracy: 0.7932 - loss: 0.9322
[1m 9/50[0m [32m===[0m[37m=================[0m [1m7s[0m 194ms/step - accuracy: 0.7954 - loss: 0.9371
[1m10/50[0m [32m====[0m[37m================[0m [1m7s[0m 194ms/step - accuracy: 0.7952 - loss: 0.9456
[1m11/50[0m [32m====[0m[37m================[0m [1m7s[0m 193ms/step - accuracy: 0.7963 - loss: 0.9503
[1m12/50[0m [32m====[0m[37m================[0m [1m7s[0m 193ms/step - accuracy: 0.7959 - loss: 0.9569
[1m13/50[0m [32m=====[0m[37m===============[0m [1m7s[0m 192ms/step - accuracy: 0.7961 - loss: 0.9606
[1m14/50[0m [32m=====[0m[37m===============[0m [1m6s[0m 192ms/step - accuracy: 0.7966 - loss: 0.9616
[1m15/50[0m [32m======[0m[37m==============[0m [1m6s[0m 191ms/step - accuracy: 0.7971 - loss: 0.9632
[1m16/50[0m [32m======[0m[37m==============[0m [1m6s[0m 190ms/step - accuracy: 0.7966 - loss: 0.9659
[1m17/50[0m [32m======[0m[37m==============[0m [1m6s[0m 190ms/step - accuracy: 0.7960 - loss: 0.9681
[1m18/50[0m [32m=======[0m[37m=============[0m [1m6s[0m 190ms/step - accuracy: 0.7952 - loss: 0.9704
[1m19/50[0m [32m=======[0m[37m=============[0m [1m5s[0m 190ms/step - accuracy: 0.7946 - loss: 0.9717
[1m20/50[0m [32m========[0m[37m============[0m [1m5s[0m 189ms/step - accuracy: 0.7934 - loss: 0.9737
[1m21/50[0m [32m========[0m[37m============[0m [1m5s[0m 189ms/step - accuracy: 0.7925 - loss: 0.9752
[1m22/50[0m [32m========[0m[37m============[0m [1m5s[0m 189ms/step - accuracy: 0.7916 - loss: 0.9768
[1m23/50[0m [32m=========[0m[37m===========[0m [1m5s[0m 189ms/step - accuracy: 0.7908 - loss: 0.9782
[1m24/50[0m [32m=========[0m[37m===========[0m [1m4s[0m 189ms/step - accuracy: 0.7898 - loss: 0.9802
[1m25/50[0m [32m==========[0m[37m==========[0m [1m4s[0m 189ms/step - accuracy: 0.7891 - loss: 0.9813
[1m26/50[0m [32m==========[0m[37m==========[0m [1m4s[0m 189ms/step - accuracy: 0.7885 - loss: 0.9823
[1m27/50[0m [32m==========[0m[37m==========[0m [1m4s[0m 189ms/step - accuracy: 0.7882 - loss: 0.9825
[1m28/50[0m [32m===========[0m[37m=========[0m [1m4s[0m 190ms/step - accuracy: 0.7881 - loss: 0.9819
[1m29/50[0m [32m===========[0m[37m=========[0m [1m4s[0m 191ms/step - accuracy: 0.7881 - loss: 0.9811
[1m30/50[0m [32m============[0m[37m========[0m [1m3s[0m 192ms/step - accuracy: 0.7880 - loss: 0.9803
[1m31/50[0m [32m============[0m[37m========[0m [1m3s[0m 193ms/step - accuracy: 0.7882 - loss: 0.9791
[1m32/50[0m [32m============[0m[37m========[0m [1m3s[0m 194ms/step - accuracy: 0.7883 - loss: 0.9782
[1m33/50[0m [32m=============[0m[37m=======[0m [1m3s[0m 194ms/step - accuracy: 0.7886 - loss: 0.9772
[1m34/50[0m [32m=============[0m[37m=======[0m [1m3s[0m 195ms/step - accuracy: 0.7888 - loss: 0.9761
[1m35/50[0m [32m==============[0m[37m======[0m [1m2s[0m 195ms/step - accuracy: 0.7890 - loss: 0.9749
[1m36/50[0m [32m==============[0m[37m======[0m [1m2s[0m 195ms/step - accuracy: 0.7892 - loss: 0.9738
[1m37/50[0m [32m==============[0m[37m======[0m [1m2s[0m 195ms/step - accuracy: 0.7893 - loss: 0.9726
[1m38/50[0m [32m===============[0m[37m=====[0m [1m2s[0m 195ms/step - accuracy: 0.7895 - loss: 0.9714
[1m39/50[0m [32m===============[0m[37m=====[0m [1m2s[0m 195ms/step - accuracy: 0.7896 - loss: 0.9704
[1m40/50[0m [32m================[0m[37m====[0m [1m1s[0m 194ms/step - accuracy: 0.7897 - loss: 0.9693
[1m41/50[0m [32m================[0m[37m====[0m [1m1s[0m 194ms/step - accuracy: 0.7898 - loss: 0.9682
[1m42/50[0m [32m================[0m[37m====[0m [1m1s[0m 193ms/step - accuracy: 0.7898 - loss: 0.9670
[1m43/50[0m [32m=================[0m[37m===[0m [1m1s[0m 193ms/step - accuracy: 0.7898 - loss: 0.9659
[1m44/50[0m [32m=================[0m[37m===[0m [1m1s[0m 192ms/step - accuracy: 0.7898 - loss: 0.9648
[1m45/50[0m [32m==================[0m[37m==[0m [1m0s[0m 192ms/step - accuracy: 0.7899 - loss: 0.9638
[1m46/50[0m [32m==================[0m[37m==[0m [1m0s[0m 191ms/step - accuracy: 0.7898 - loss: 0.9629
[1m47/50[0m [32m==================[0m[37m==[0m [1m0s[0m 191ms/step - accuracy: 0.7898 - loss: 0.9619
[1m48/50[0m [32m===================[0m[37m=[0m [1m0s[0m 191ms/step - accuracy: 0.7898 - loss: 0.9608
[1m49/50[0m [32m===================[0m[37m=[0m [1m0s[0m 191ms/step - accuracy: 0.7897 - loss: 0.9598
[1m50/50[0m [32m====================[0m[37m[0m [1m0s[0m 191ms/step - accuracy: 0.7896 - loss: 0.9590
[1m50/50[0m [32m====================[0m[37m[0m [1m12s[0m 239ms/step - accuracy: 0.7850 - loss: 0.9177 - val_accuracy: 0.5150 - val_loss: 1.9387
Epoch 4/5

[1m 1/50[0m [37m====================[0m [1m11s[0m 225ms/step - accuracy: 0.8125 - loss: 0.8463
[1m 2/50[0m [37m====================[0m [1m8s[0m 180ms/step - accuracy: 0.8438 - loss: 0.7284 
[1m 3/50[0m [32m=[0m[37m===================[0m [1m8s[0m 180ms/step - accuracy: 0.8611 - loss: 0.6755
[1m 4/50[0m [32m=[0m[37m===================[0m [1m8s[0m 180ms/step - accuracy: 0.8724 - loss: 0.6365
[1m 5/50[0m [32m==[0m[37m==================[0m [1m8s[0m 180ms/step - accuracy: 0.8804 - loss: 0.6099
[1m 6/50[0m [32m==[0m[37m==================[0m [1m7s[0m 181ms/step - accuracy: 0.8830 - loss: 0.5965
[1m 7/50[0m [32m==[0m[37m==================[0m [1m7s[0m 181ms/step - accuracy: 0.8857 - loss: 0.5833
[1m 8/50[0m [32m===[0m[37m=================[0m [1m7s[0m 181ms/step - accuracy: 0.8863 - loss: 0.5710
[1m 9/50[0m [32m===[0m[37m=================[0m [1m7s[0m 182ms/step - accuracy: 0.8866 - loss: 0.5623
[1m10/50[0m [32m====[0m[37m================[0m [1m7s[0m 182ms/step - accuracy: 0.8879 - loss: 0.5526
[1m11/50[0m [32m====[0m[37m================[0m [1m7s[0m 182ms/step - accuracy: 0.8893 - loss: 0.5434
[1m12/50[0m [32m====[0m[37m================[0m [1m6s[0m 182ms/step - accuracy: 0.8907 - loss: 0.5350
[1m13/50[0m [32m=====[0m[37m===============[0m [1m6s[0m 184ms/step - accuracy: 0.8903 - loss: 0.5316
[1m14/50[0m [32m=====[0m[37m===============[0m [1m6s[0m 184ms/step - accuracy: 0.8901 - loss: 0.5286
[1m15/50[0m [32m======[0m[37m==============[0m [1m6s[0m 184ms/step - accuracy: 0.8900 - loss: 0.5264
[1m16/50[0m [32m======[0m[37m==============[0m [1m6s[0m 184ms/step - accuracy: 0.8895 - loss: 0.5252
[1m17/50[0m [32m======[0m[37m==============[0m [1m6s[0m 183ms/step - accuracy: 0.8884 - loss: 0.5253
[1m18/50[0m [32m=======[0m[37m=============[0m [1m5s[0m 182ms/step - accuracy: 0.8877 - loss: 0.5253
[1m19/50[0m [32m=======[0m[37m=============[0m [1m5s[0m 183ms/step - accuracy: 0.8874 - loss: 0.5247
[1m20/50[0m [32m========[0m[37m============[0m [1m5s[0m 183ms/step - accuracy: 0.8874 - loss: 0.5236
[1m21/50[0m [32m========[0m[37m============[0m [1m5s[0m 183ms/step - accuracy: 0.8872 - loss: 0.5228
[1m22/50[0m [32m========[0m[37m============[0m [1m5s[0m 184ms/step - accuracy: 0.8872 - loss: 0.5217
[1m23/50[0m [32m=========[0m[37m===========[0m [1m4s[0m 184ms/step - accuracy: 0.8874 - loss: 0.5203
[1m24/50[0m [32m=========[0m[37m===========[0m [1m4s[0m 184ms/step - accuracy: 0.8876 - loss: 0.5189
[1m25/50[0m [32m==========[0m[37m==========[0m [1m4s[0m 185ms/step - accuracy: 0.8877 - loss: 0.5178
[1m26/50[0m [32m==========[0m[37m==========[0m [1m4s[0m 185ms/step - accuracy: 0.8878 - loss: 0.5169
[1m27/50[0m [32m==========[0m[37m==========[0m [1m4s[0m 185ms/step - accuracy: 0.8879 - loss: 0.5161
[1m28/50[0m [32m===========[0m[37m=========[0m [1m4s[0m 185ms/step - accuracy: 0.8881 - loss: 0.5152
[1m29/50[0m [32m===========[0m[37m=========[0m [1m3s[0m 185ms/step - accuracy: 0.8884 - loss: 0.5142
[1m30/50[0m [32m============[0m[37m========[0m [1m3s[0m 185ms/step - accuracy: 0.8887 - loss: 0.5130
[1m31/50[0m [32m============[0m[37m========[0m [1m3s[0m 185ms/step - accuracy: 0.8892 - loss: 0.5117
[1m32/50[0m [32m============[0m[37m========[0m [1m3s[0m 185ms/step - accuracy: 0.8897 - loss: 0.5103
[1m33/50[0m [32m=============[0m[37m=======[0m [1m3s[0m 185ms/step - accuracy: 0.8902 - loss: 0.5089
[1m34/50[0m [32m=============[0m[37m=======[0m [1m2s[0m 185ms/step - accuracy: 0.8906 - loss: 0.5075
[1m35/50[0m [32m==============[0m[37m======[0m [1m2s[0m 185ms/step - accuracy: 0.8910 - loss: 0.5061
[1m36/50[0m [32m==============[0m[37m======[0m [1m2s[0m 184ms/step - accuracy: 0.8914 - loss: 0.5047
[1m37/50[0m [32m==============[0m[37m======[0m [1m2s[0m 183ms/step - accuracy: 0.8917 - loss: 0.5035
[1m38/50[0m [32m===============[0m[37m=====[0m [1m2s[0m 183ms/step - accuracy: 0.8919 - loss: 0.5023
[1m39/50[0m [32m===============[0m[37m=====[0m [1m2s[0m 183ms/step - accuracy: 0.8921 - loss: 0.5013
[1m40/50[0m [32m================[0m[37m====[0m [1m1s[0m 183ms/step - accuracy: 0.8922 - loss: 0.5005
[1m41/50[0m [32m================[0m[37m====[0m [1m1s[0m 183ms/step - accuracy: 0.8924 - loss: 0.4996
[1m42/50[0m [32m================[0m[37m====[0m [1m1s[0m 183ms/step - accuracy: 0.8925 - loss: 0.4988
[1m43/50[0m [32m=================[0m[37m===[0m [1m1s[0m 183ms/step - accuracy: 0.8928 - loss: 0.4978
[1m44/50[0m [32m=================[0m[37m===[0m [1m1s[0m 184ms/step - accuracy: 0.8930 - loss: 0.4969
[1m45/50[0m [32m==================[0m[37m==[0m [1m0s[0m 185ms/step - accuracy: 0.8931 - loss: 0.4960
[1m46/50[0m [32m==================[0m[37m==[0m [1m0s[0m 185ms/step - accuracy: 0.8933 - loss: 0.4951
[1m47/50[0m [32m==================[0m[37m==[0m [1m0s[0m 186ms/step - accuracy: 0.8935 - loss: 0.4943
[1m48/50[0m [32m===================[0m[37m=[0m [1m0s[0m 186ms/step - accuracy: 0.8937 - loss: 0.4935
[1m49/50[0m [32m===================[0m[37m=[0m [1m0s[0m 186ms/step - accuracy: 0.8939 - loss: 0.4927
[1m50/50[0m [32m====================[0m[37m[0m [1m0s[0m 186ms/step - accuracy: 0.8941 - loss: 0.4918
[1m50/50[0m [32m====================[0m[37m[0m [1m12s[0m 235ms/step - accuracy: 0.9038 - loss: 0.4500 - val_accuracy: 0.5450 - val_loss: 1.7422
Epoch 5/5

[1m 1/50[0m [37m====================[0m [1m11s[0m 236ms/step - accuracy: 1.0000 - loss: 0.3912
[1m 2/50[0m [37m====================[0m [1m9s[0m 189ms/step - accuracy: 0.9688 - loss: 0.3817 
[1m 3/50[0m [32m=[0m[37m===================[0m [1m8s[0m 187ms/step - accuracy: 0.9653 - loss: 0.3670
[1m 4/50[0m [32m=[0m[37m===================[0m [1m8s[0m 188ms/step - accuracy: 0.9622 - loss: 0.3571
[1m 5/50[0m [32m==[0m[37m==================[0m [1m8s[0m 189ms/step - accuracy: 0.9623 - loss: 0.3455
[1m 6/50[0m [32m==[0m[37m==================[0m [1m8s[0m 190ms/step - accuracy: 0.9616 - loss: 0.3373
[1m 7/50[0m [32m==[0m[37m==================[0m [1m8s[0m 190ms/step - accuracy: 0.9620 - loss: 0.3317
[1m 8/50[0m [32m===[0m[37m=================[0m [1m7s[0m 190ms/step - accuracy: 0.9629 - loss: 0.3249
[1m 9/50[0m [32m===[0m[37m=================[0m [1m7s[0m 190ms/step - accuracy: 0.9639 - loss: 0.3185
[1m10/50[0m [32m====[0m[37m================[0m [1m7s[0m 190ms/step - accuracy: 0.9644 - loss: 0.3123
[1m11/50[0m [32m====[0m[37m================[0m [1m7s[0m 190ms/step - accuracy: 0.9640 - loss: 0.3081
[1m12/50[0m [32m====[0m[37m================[0m [1m7s[0m 190ms/step - accuracy: 0.9635 - loss: 0.3054
[1m13/50[0m [32m=====[0m[37m===============[0m [1m7s[0m 190ms/step - accuracy: 0.9630 - loss: 0.3031
[1m14/50[0m [32m=====[0m[37m===============[0m [1m6s[0m 191ms/step - accuracy: 0.9628 - loss: 0.3008
[1m15/50[0m [32m======[0m[37m==============[0m [1m6s[0m 192ms/step - accuracy: 0.9628 - loss: 0.2982
[1m16/50[0m [32m======[0m[37m==============[0m [1m6s[0m 192ms/step - accuracy: 0.9629 - loss: 0.2957
[1m17/50[0m [32m======[0m[37m==============[0m [1m6s[0m 192ms/step - accuracy: 0.9631 - loss: 0.2937
[1m18/50[0m [32m=======[0m[37m=============[0m [1m6s[0m 192ms/step - accuracy: 0.9632 - loss: 0.2917
[1m19/50[0m [32m=======[0m[37m=============[0m [1m5s[0m 192ms/step - accuracy: 0.9635 - loss: 0.2899
[1m20/50[0m [32m========[0m[37m============[0m [1m5s[0m 192ms/step - accuracy: 0.9637 - loss: 0.2882
[1m21/50[0m [32m========[0m[37m============[0m [1m5s[0m 192ms/step - accuracy: 0.9640 - loss: 0.2867
[1m22/50[0m [32m========[0m[37m============[0m [1m5s[0m 192ms/step - accuracy: 0.9644 - loss: 0.2851
[1m23/50[0m [32m=========[0m[37m===========[0m [1m5s[0m 192ms/step - accuracy: 0.9646 - loss: 0.2835
[1m24/50[0m [32m=========[0m[37m===========[0m [1m4s[0m 192ms/step - accuracy: 0.9647 - loss: 0.2824
[1m25/50[0m [32m==========[0m[37m==========[0m [1m4s[0m 192ms/step - accuracy: 0.9647 - loss: 0.2815
[1m26/50[0m [32m==========[0m[37m==========[0m [1m4s[0m 192ms/step - accuracy: 0.9647 - loss: 0.2806
[1m27/50[0m [32m==========[0m[37m==========[0m [1m4s[0m 192ms/step - accuracy: 0.9647 - loss: 0.2798
[1m28/50[0m [32m===========[0m[37m=========[0m [1m4s[0m 192ms/step - accuracy: 0.9648 - loss: 0.2789
[1m29/50[0m [32m===========[0m[37m=========[0m [1m4s[0m 192ms/step - accuracy: 0.9648 - loss: 0.2780
[1m30/50[0m [32m============[0m[37m========[0m [1m3s[0m 191ms/step - accuracy: 0.9648 - loss: 0.2772
[1m31/50[0m [32m============[0m[37m========[0m [1m3s[0m 191ms/step - accuracy: 0.9648 - loss: 0.2765
[1m32/50[0m [32m============[0m[37m========[0m [1m3s[0m 192ms/step - accuracy: 0.9649 - loss: 0.2757
[1m33/50[0m [32m=============[0m[37m=======[0m [1m3s[0m 191ms/step - accuracy: 0.9649 - loss: 0.2749
[1m34/50[0m [32m=============[0m[37m=======[0m [1m3s[0m 191ms/step - accuracy: 0.9650 - loss: 0.2740
[1m35/50[0m [32m==============[0m[37m======[0m [1m2s[0m 192ms/step - accuracy: 0.9650 - loss: 0.2731
[1m36/50[0m [32m==============[0m[37m======[0m [1m2s[0m 191ms/step - accuracy: 0.9651 - loss: 0.2721
[1m37/50[0m [32m==============[0m[37m======[0m [1m2s[0m 192ms/step - accuracy: 0.9652 - loss: 0.2713
[1m38/50[0m [32m===============[0m[37m=====[0m [1m2s[0m 192ms/step - accuracy: 0.9652 - loss: 0.2705
[1m39/50[0m [32m===============[0m[37m=====[0m [1m2s[0m 192ms/step - accuracy: 0.9653 - loss: 0.2697
[1m40/50[0m [32m================[0m[37m====[0m [1m1s[0m 192ms/step - accuracy: 0.9653 - loss: 0.2690
[1m41/50[0m [32m================[0m[37m====[0m [1m1s[0m 192ms/step - accuracy: 0.9652 - loss: 0.2684
[1m42/50[0m [32m================[0m[37m====[0m [1m1s[0m 192ms/step - accuracy: 0.9651 - loss: 0.2678
[1m43/50[0m [32m=================[0m[37m===[0m [1m1s[0m 192ms/step - accuracy: 0.9650 - loss: 0.2673
[1m44/50[0m [32m=================[0m[37m===[0m [1m1s[0m 192ms/step - accuracy: 0.9649 - loss: 0.2668
[1m45/50[0m [32m==================[0m[37m==[0m [1m0s[0m 192ms/step - accuracy: 0.9649 - loss: 0.2662
[1m46/50[0m [32m==================[0m[37m==[0m [1m0s[0m 191ms/step - accuracy: 0.9648 - loss: 0.2658
[1m47/50[0m [32m==================[0m[37m==[0m [1m0s[0m 191ms/step - accuracy: 0.9648 - loss: 0.2653
[1m48/50[0m [32m===================[0m[37m=[0m [1m0s[0m 191ms/step - accuracy: 0.9648 - loss: 0.2648
[1m49/50[0m [32m===================[0m[37m=[0m [1m0s[0m 190ms/step - accuracy: 0.9647 - loss: 0.2643
[1m50/50[0m [32m====================[0m[37m[0m [1m0s[0m 190ms/step - accuracy: 0.9647 - loss: 0.2638
[1m50/50[0m [32m====================[0m[37m[0m [1m12s[0m 236ms/step - accuracy: 0.9638 - loss: 0.2389 - val_accuracy: 0.5650 - val_loss: 1.6089
WARNING:absl:You are saving your model as an HDF5 file via `model.save()` or `keras.saving.save_model(model)`. This file format is considered legacy. We recommend using instead the native Keras format, e.g. `model.save('my_model.keras')` or `keras.saving.save_model(model, 'my_model.keras')`. 

Saving model...
Model saved as dog_breed_model.h5
Breed labels saved as breed_labels.npy

Training complete!
